── [1mAttaching packages[22m ───────── tidyverse 1.2.1 ──
[32m✔[39m [34mggplot2[39m 3.2.0     [32m✔[39m [34mpurrr  [39m 0.3.2
[32m✔[39m [34mtibble [39m 2.1.3     [32m✔[39m [34mdplyr  [39m 0.8.1
[32m✔[39m [34mtidyr  [39m 0.8.3     [32m✔[39m [34mstringr[39m 1.4.0
[32m✔[39m [34mreadr  [39m 1.3.1     [32m✔[39m [34mforcats[39m 0.4.0
── [1mConflicts[22m ──────────── tidyverse_conflicts() ──
[31m✖[39m [34mdplyr[39m::[32mfilter()[39m masks [34mstats[39m::filter()
[31m✖[39m [34mdplyr[39m::[32mlag()[39m    masks [34mstats[39m::lag()

Attaching package: ‘rtweet’

The following object is masked from ‘package:purrr’:

    flatten


Attaching package: ‘lubridate’

The following object is masked from ‘package:base’:

    date

  Recieved this error when the token was created for other projects --

Error in file(file, mode) : cannot open the connection
In addition: Warning message:
In file(file, mode) :

  Need to consider whether or not it is neccesary to authenticate each time.

Attaching package: ‘gridExtra’

The following object is masked from ‘package:dplyr’:

    combine


Warning: 34 - Sorry, that page does not exist.
Warning message:
Sorry, that page does not exist. 
